<?xml version="1.0" encoding="UTF-8"?>
<!-- Generated by org.testng.reporters.JUnitReportReporter -->
<testsuite hostname="MANISH" failures="0" tests="1" name="test_Cases.Tc3" time="12.965" errors="0" timestamp="2022-12-14T09:20:31 IST" skipped="0">
  <testcase classname="test_Cases.Tc3" name="t3" time="12.965"/>
  <system-out>
    <![CDATA[Test case Started t3
Test case Failed t3]]>
  </system-out>
</testsuite> <!-- test_Cases.Tc3 -->
