<?xml version="1.0" encoding="UTF-8"?>
<!-- Generated by org.testng.reporters.JUnitReportReporter -->
<testsuite hostname="MANISH" failures="0" tests="1" name="test_Cases.Tc2" time="9.890" errors="0" timestamp="2022-12-24T11:20:21 IST" skipped="0">
  <testcase classname="test_Cases.Tc2" name="t2" time="9.890"/>
  <system-out>
    <![CDATA[Test case Started t2
Test case Success t2]]>
  </system-out>
</testsuite> <!-- test_Cases.Tc2 -->
